
         /\      Grafana   /‾‾/  
    /\  /  \     |\  __   /  /   
   /  \/    \    | |/ /  /   ‾‾\ 
  /          \   |   (  |  (‾)  |
 / __________ \  |_|\_\  \_____/ 


     execution: local
        script: scripts/k6/auth-member-scenario.js
        output: -

     scenarios: (100.00%) 1 scenario, 250 max VUs, 2m50s max duration (incl. graceful stop):
              * auth_register_probe: Up to 250 looping VUs for 2m20s over 4 stages (gracefulRampDown: 30s, exec: registerOnlyProbe, gracefulStop: 30s)


running (0m01.0s), 003/250 VUs, 0 complete and 0 interrupted iterations
auth_register_probe   [   1% ] 003/250 VUs  0m01.0s/2m20.0s

running (0m02.0s), 005/250 VUs, 3 complete and 0 interrupted iterations
auth_register_probe   [   1% ] 005/250 VUs  0m02.0s/2m20.0s

running (0m03.0s), 008/250 VUs, 7 complete and 0 interrupted iterations
auth_register_probe   [   2% ] 008/250 VUs  0m03.0s/2m20.0s

running (0m04.0s), 010/250 VUs, 15 complete and 0 interrupted iterations
auth_register_probe   [   3% ] 010/250 VUs  0m04.0s/2m20.0s

running (0m05.0s), 013/250 VUs, 24 complete and 0 interrupted iterations
auth_register_probe   [   4% ] 013/250 VUs  0m05.0s/2m20.0s

running (0m06.0s), 015/250 VUs, 37 complete and 0 interrupted iterations
auth_register_probe   [   4% ] 015/250 VUs  0m06.0s/2m20.0s

running (0m07.0s), 018/250 VUs, 50 complete and 0 interrupted iterations
auth_register_probe   [   5% ] 018/250 VUs  0m07.0s/2m20.0s

running (0m08.0s), 020/250 VUs, 67 complete and 0 interrupted iterations
auth_register_probe   [   6% ] 020/250 VUs  0m08.0s/2m20.0s

running (0m09.0s), 022/250 VUs, 85 complete and 0 interrupted iterations
auth_register_probe   [   6% ] 022/250 VUs  0m09.0s/2m20.0s

running (0m10.0s), 025/250 VUs, 102 complete and 0 interrupted iterations
auth_register_probe   [   7% ] 025/250 VUs  0m10.0s/2m20.0s

running (0m11.0s), 027/250 VUs, 122 complete and 0 interrupted iterations
auth_register_probe   [   8% ] 027/250 VUs  0m11.0s/2m20.0s

running (0m12.0s), 030/250 VUs, 146 complete and 0 interrupted iterations
auth_register_probe   [   9% ] 030/250 VUs  0m12.0s/2m20.0s

running (0m13.0s), 032/250 VUs, 167 complete and 0 interrupted iterations
auth_register_probe   [   9% ] 032/250 VUs  0m13.0s/2m20.0s

running (0m14.0s), 035/250 VUs, 182 complete and 0 interrupted iterations
auth_register_probe   [  10% ] 035/250 VUs  0m14.0s/2m20.0s

running (0m15.0s), 037/250 VUs, 197 complete and 0 interrupted iterations
auth_register_probe   [  11% ] 037/250 VUs  0m15.0s/2m20.0s

running (0m16.0s), 040/250 VUs, 208 complete and 0 interrupted iterations
auth_register_probe   [  11% ] 040/250 VUs  0m16.0s/2m20.0s

running (0m17.0s), 042/250 VUs, 229 complete and 0 interrupted iterations
auth_register_probe   [  12% ] 042/250 VUs  0m17.0s/2m20.0s

running (0m18.0s), 045/250 VUs, 248 complete and 0 interrupted iterations
auth_register_probe   [  13% ] 045/250 VUs  0m18.0s/2m20.0s

running (0m19.0s), 047/250 VUs, 261 complete and 0 interrupted iterations
auth_register_probe   [  14% ] 047/250 VUs  0m19.0s/2m20.0s

running (0m20.0s), 049/250 VUs, 276 complete and 0 interrupted iterations
auth_register_probe   [  14% ] 049/250 VUs  0m20.0s/2m20.0s

running (0m21.0s), 051/250 VUs, 298 complete and 0 interrupted iterations
auth_register_probe   [  15% ] 051/250 VUs  0m21.0s/2m20.0s

running (0m22.0s), 053/250 VUs, 314 complete and 0 interrupted iterations
auth_register_probe   [  16% ] 053/250 VUs  0m22.0s/2m20.0s

running (0m23.0s), 054/250 VUs, 332 complete and 0 interrupted iterations
auth_register_probe   [  16% ] 054/250 VUs  0m23.0s/2m20.0s

running (0m24.0s), 056/250 VUs, 354 complete and 0 interrupted iterations
auth_register_probe   [  17% ] 056/250 VUs  0m24.0s/2m20.0s

running (0m25.0s), 058/250 VUs, 369 complete and 0 interrupted iterations
auth_register_probe   [  18% ] 058/250 VUs  0m25.0s/2m20.0s

running (0m26.0s), 059/250 VUs, 390 complete and 0 interrupted iterations
auth_register_probe   [  19% ] 059/250 VUs  0m26.0s/2m20.0s

running (0m27.0s), 061/250 VUs, 411 complete and 0 interrupted iterations
auth_register_probe   [  19% ] 061/250 VUs  0m27.0s/2m20.0s

running (0m28.0s), 063/250 VUs, 430 complete and 0 interrupted iterations
auth_register_probe   [  20% ] 063/250 VUs  0m28.0s/2m20.0s

running (0m29.0s), 064/250 VUs, 446 complete and 0 interrupted iterations
auth_register_probe   [  21% ] 064/250 VUs  0m29.0s/2m20.0s

running (0m30.0s), 066/250 VUs, 461 complete and 0 interrupted iterations
auth_register_probe   [  21% ] 066/250 VUs  0m30.0s/2m20.0s

running (0m31.0s), 068/250 VUs, 488 complete and 0 interrupted iterations
auth_register_probe   [  22% ] 068/250 VUs  0m31.0s/2m20.0s

running (0m32.0s), 069/250 VUs, 502 complete and 0 interrupted iterations
auth_register_probe   [  23% ] 069/250 VUs  0m32.0s/2m20.0s

running (0m33.0s), 071/250 VUs, 521 complete and 0 interrupted iterations
auth_register_probe   [  24% ] 071/250 VUs  0m33.0s/2m20.0s

running (0m34.0s), 073/250 VUs, 546 complete and 0 interrupted iterations
auth_register_probe   [  24% ] 073/250 VUs  0m34.0s/2m20.0s

running (0m35.0s), 074/250 VUs, 561 complete and 0 interrupted iterations
auth_register_probe   [  25% ] 074/250 VUs  0m35.0s/2m20.0s

running (0m36.0s), 076/250 VUs, 579 complete and 0 interrupted iterations
auth_register_probe   [  26% ] 076/250 VUs  0m36.0s/2m20.0s

running (0m37.0s), 078/250 VUs, 600 complete and 0 interrupted iterations
auth_register_probe   [  26% ] 078/250 VUs  0m37.0s/2m20.0s

running (0m38.0s), 079/250 VUs, 608 complete and 0 interrupted iterations
auth_register_probe   [  27% ] 079/250 VUs  0m38.0s/2m20.0s

running (0m39.0s), 081/250 VUs, 636 complete and 0 interrupted iterations
auth_register_probe   [  28% ] 081/250 VUs  0m39.0s/2m20.0s

running (0m40.0s), 083/250 VUs, 656 complete and 0 interrupted iterations
auth_register_probe   [  29% ] 083/250 VUs  0m40.0s/2m20.0s

running (0m41.0s), 084/250 VUs, 672 complete and 0 interrupted iterations
auth_register_probe   [  29% ] 084/250 VUs  0m41.0s/2m20.0s

running (0m42.0s), 086/250 VUs, 686 complete and 0 interrupted iterations
auth_register_probe   [  30% ] 086/250 VUs  0m42.0s/2m20.0s

running (0m43.0s), 088/250 VUs, 716 complete and 0 interrupted iterations
auth_register_probe   [  31% ] 088/250 VUs  0m43.0s/2m20.0s

running (0m44.0s), 089/250 VUs, 732 complete and 0 interrupted iterations
auth_register_probe   [  31% ] 089/250 VUs  0m44.0s/2m20.0s

running (0m45.0s), 091/250 VUs, 755 complete and 0 interrupted iterations
auth_register_probe   [  32% ] 091/250 VUs  0m45.0s/2m20.0s

running (0m46.0s), 093/250 VUs, 773 complete and 0 interrupted iterations
auth_register_probe   [  33% ] 093/250 VUs  0m46.0s/2m20.0s

running (0m47.0s), 094/250 VUs, 789 complete and 0 interrupted iterations
auth_register_probe   [  34% ] 094/250 VUs  0m47.0s/2m20.0s

running (0m48.0s), 096/250 VUs, 812 complete and 0 interrupted iterations
auth_register_probe   [  34% ] 096/250 VUs  0m48.0s/2m20.0s

running (0m49.0s), 098/250 VUs, 829 complete and 0 interrupted iterations
auth_register_probe   [  35% ] 098/250 VUs  0m49.0s/2m20.0s

running (0m50.0s), 099/250 VUs, 851 complete and 0 interrupted iterations
auth_register_probe   [  36% ] 099/250 VUs  0m50.0s/2m20.0s

running (0m51.0s), 101/250 VUs, 868 complete and 0 interrupted iterations
auth_register_probe   [  36% ] 101/250 VUs  0m51.0s/2m20.0s

running (0m52.0s), 103/250 VUs, 889 complete and 0 interrupted iterations
auth_register_probe   [  37% ] 103/250 VUs  0m52.0s/2m20.0s

running (0m53.0s), 104/250 VUs, 909 complete and 0 interrupted iterations
auth_register_probe   [  38% ] 104/250 VUs  0m53.0s/2m20.0s

running (0m54.0s), 106/250 VUs, 928 complete and 0 interrupted iterations
auth_register_probe   [  39% ] 106/250 VUs  0m54.0s/2m20.0s

running (0m55.0s), 108/250 VUs, 950 complete and 0 interrupted iterations
auth_register_probe   [  39% ] 108/250 VUs  0m55.0s/2m20.0s

running (0m56.0s), 109/250 VUs, 973 complete and 0 interrupted iterations
auth_register_probe   [  40% ] 109/250 VUs  0m56.0s/2m20.0s

running (0m57.0s), 111/250 VUs, 988 complete and 0 interrupted iterations
auth_register_probe   [  41% ] 111/250 VUs  0m57.0s/2m20.0s

running (0m58.0s), 113/250 VUs, 1010 complete and 0 interrupted iterations
auth_register_probe   [  41% ] 113/250 VUs  0m58.0s/2m20.0s

running (0m59.0s), 114/250 VUs, 1034 complete and 0 interrupted iterations
auth_register_probe   [  42% ] 114/250 VUs  0m59.0s/2m20.0s

running (1m00.0s), 116/250 VUs, 1047 complete and 0 interrupted iterations
auth_register_probe   [  43% ] 116/250 VUs  1m00.0s/2m20.0s

running (1m01.0s), 118/250 VUs, 1071 complete and 0 interrupted iterations
auth_register_probe   [  44% ] 118/250 VUs  1m01.0s/2m20.0s

running (1m02.0s), 119/250 VUs, 1090 complete and 0 interrupted iterations
auth_register_probe   [  44% ] 119/250 VUs  1m02.0s/2m20.0s

running (1m03.0s), 121/250 VUs, 1108 complete and 0 interrupted iterations
auth_register_probe   [  45% ] 121/250 VUs  1m03.0s/2m20.0s

running (1m04.0s), 123/250 VUs, 1135 complete and 0 interrupted iterations
auth_register_probe   [  46% ] 123/250 VUs  1m04.0s/2m20.0s

running (1m05.0s), 124/250 VUs, 1149 complete and 0 interrupted iterations
auth_register_probe   [  46% ] 124/250 VUs  1m05.0s/2m20.0s

running (1m06.0s), 126/250 VUs, 1172 complete and 0 interrupted iterations
auth_register_probe   [  47% ] 126/250 VUs  1m06.0s/2m20.0s

running (1m07.0s), 128/250 VUs, 1191 complete and 0 interrupted iterations
auth_register_probe   [  48% ] 128/250 VUs  1m07.0s/2m20.0s

running (1m08.0s), 129/250 VUs, 1207 complete and 0 interrupted iterations
auth_register_probe   [  49% ] 129/250 VUs  1m08.0s/2m20.0s

running (1m09.0s), 131/250 VUs, 1236 complete and 0 interrupted iterations
auth_register_probe   [  49% ] 131/250 VUs  1m09.0s/2m20.0s

running (1m10.0s), 133/250 VUs, 1252 complete and 0 interrupted iterations
auth_register_probe   [  50% ] 133/250 VUs  1m10.0s/2m20.0s

running (1m11.0s), 134/250 VUs, 1265 complete and 0 interrupted iterations
auth_register_probe   [  51% ] 134/250 VUs  1m11.0s/2m20.0s

running (1m12.0s), 136/250 VUs, 1295 complete and 0 interrupted iterations
auth_register_probe   [  51% ] 136/250 VUs  1m12.0s/2m20.0s

running (1m13.0s), 138/250 VUs, 1305 complete and 0 interrupted iterations
auth_register_probe   [  52% ] 138/250 VUs  1m13.0s/2m20.0s

running (1m14.0s), 139/250 VUs, 1331 complete and 0 interrupted iterations
auth_register_probe   [  53% ] 139/250 VUs  1m14.0s/2m20.0s

running (1m15.0s), 141/250 VUs, 1357 complete and 0 interrupted iterations
auth_register_probe   [  54% ] 141/250 VUs  1m15.0s/2m20.0s

running (1m16.0s), 143/250 VUs, 1372 complete and 0 interrupted iterations
auth_register_probe   [  54% ] 143/250 VUs  1m16.0s/2m20.0s

running (1m17.0s), 144/250 VUs, 1394 complete and 0 interrupted iterations
auth_register_probe   [  55% ] 144/250 VUs  1m17.0s/2m20.0s

running (1m18.0s), 146/250 VUs, 1412 complete and 0 interrupted iterations
auth_register_probe   [  56% ] 146/250 VUs  1m18.0s/2m20.0s

running (1m19.0s), 148/250 VUs, 1437 complete and 0 interrupted iterations
auth_register_probe   [  56% ] 148/250 VUs  1m19.0s/2m20.0s

running (1m20.0s), 149/250 VUs, 1453 complete and 0 interrupted iterations
auth_register_probe   [  57% ] 149/250 VUs  1m20.0s/2m20.0s

running (1m21.0s), 153/250 VUs, 1480 complete and 0 interrupted iterations
auth_register_probe   [  58% ] 153/250 VUs  1m21.0s/2m20.0s

running (1m22.0s), 156/250 VUs, 1492 complete and 0 interrupted iterations
auth_register_probe   [  59% ] 156/250 VUs  1m22.0s/2m20.0s

running (1m23.0s), 159/250 VUs, 1516 complete and 0 interrupted iterations
auth_register_probe   [  59% ] 159/250 VUs  1m23.0s/2m20.0s

running (1m24.0s), 163/250 VUs, 1537 complete and 0 interrupted iterations
auth_register_probe   [  60% ] 163/250 VUs  1m24.0s/2m20.0s

running (1m25.0s), 166/250 VUs, 1552 complete and 0 interrupted iterations
auth_register_probe   [  61% ] 166/250 VUs  1m25.0s/2m20.0s

running (1m26.0s), 169/250 VUs, 1577 complete and 0 interrupted iterations
auth_register_probe   [  61% ] 169/250 VUs  1m26.0s/2m20.0s

running (1m27.0s), 173/250 VUs, 1602 complete and 0 interrupted iterations
auth_register_probe   [  62% ] 173/250 VUs  1m27.0s/2m20.0s

running (1m28.0s), 176/250 VUs, 1619 complete and 0 interrupted iterations
auth_register_probe   [  63% ] 176/250 VUs  1m28.0s/2m20.0s

running (1m29.0s), 179/250 VUs, 1640 complete and 0 interrupted iterations
auth_register_probe   [  64% ] 179/250 VUs  1m29.0s/2m20.0s

running (1m30.0s), 183/250 VUs, 1663 complete and 0 interrupted iterations
auth_register_probe   [  64% ] 183/250 VUs  1m30.0s/2m20.0s

running (1m31.0s), 186/250 VUs, 1682 complete and 0 interrupted iterations
auth_register_probe   [  65% ] 186/250 VUs  1m31.0s/2m20.0s

running (1m32.0s), 189/250 VUs, 1701 complete and 0 interrupted iterations
auth_register_probe   [  66% ] 189/250 VUs  1m32.0s/2m20.0s

running (1m33.0s), 193/250 VUs, 1722 complete and 0 interrupted iterations
auth_register_probe   [  66% ] 193/250 VUs  1m33.0s/2m20.0s

running (1m34.0s), 196/250 VUs, 1744 complete and 0 interrupted iterations
auth_register_probe   [  67% ] 196/250 VUs  1m34.0s/2m20.0s

running (1m35.0s), 199/250 VUs, 1763 complete and 0 interrupted iterations
auth_register_probe   [  68% ] 199/250 VUs  1m35.0s/2m20.0s

running (1m36.0s), 203/250 VUs, 1784 complete and 0 interrupted iterations
auth_register_probe   [  69% ] 203/250 VUs  1m36.0s/2m20.0s

running (1m37.0s), 206/250 VUs, 1807 complete and 0 interrupted iterations
auth_register_probe   [  69% ] 206/250 VUs  1m37.0s/2m20.0s

running (1m38.0s), 209/250 VUs, 1828 complete and 0 interrupted iterations
auth_register_probe   [  70% ] 209/250 VUs  1m38.0s/2m20.0s

running (1m39.0s), 213/250 VUs, 1845 complete and 0 interrupted iterations
auth_register_probe   [  71% ] 213/250 VUs  1m39.0s/2m20.0s

running (1m40.0s), 216/250 VUs, 1870 complete and 0 interrupted iterations
auth_register_probe   [  71% ] 216/250 VUs  1m40.0s/2m20.0s

running (1m41.0s), 219/250 VUs, 1887 complete and 0 interrupted iterations
auth_register_probe   [  72% ] 219/250 VUs  1m41.0s/2m20.0s

running (1m42.0s), 223/250 VUs, 1906 complete and 0 interrupted iterations
auth_register_probe   [  73% ] 223/250 VUs  1m42.0s/2m20.0s

running (1m43.0s), 226/250 VUs, 1928 complete and 0 interrupted iterations
auth_register_probe   [  74% ] 226/250 VUs  1m43.0s/2m20.0s

running (1m44.0s), 229/250 VUs, 1946 complete and 0 interrupted iterations
auth_register_probe   [  74% ] 229/250 VUs  1m44.0s/2m20.0s

running (1m45.0s), 233/250 VUs, 1967 complete and 0 interrupted iterations
auth_register_probe   [  75% ] 233/250 VUs  1m45.0s/2m20.0s

running (1m46.0s), 236/250 VUs, 1991 complete and 0 interrupted iterations
auth_register_probe   [  76% ] 236/250 VUs  1m46.0s/2m20.0s

running (1m47.0s), 239/250 VUs, 2011 complete and 0 interrupted iterations
auth_register_probe   [  76% ] 239/250 VUs  1m47.0s/2m20.0s

running (1m48.0s), 243/250 VUs, 2031 complete and 0 interrupted iterations
auth_register_probe   [  77% ] 243/250 VUs  1m48.0s/2m20.0s

running (1m49.0s), 246/250 VUs, 2047 complete and 0 interrupted iterations
auth_register_probe   [  78% ] 246/250 VUs  1m49.0s/2m20.0s

running (1m50.0s), 249/250 VUs, 2067 complete and 0 interrupted iterations
auth_register_probe   [  79% ] 249/250 VUs  1m50.0s/2m20.0s

running (1m51.0s), 250/250 VUs, 2087 complete and 0 interrupted iterations
auth_register_probe   [  79% ] 250/250 VUs  1m51.0s/2m20.0s

running (1m52.0s), 250/250 VUs, 2112 complete and 0 interrupted iterations
auth_register_probe   [  80% ] 250/250 VUs  1m52.0s/2m20.0s

running (1m53.0s), 249/250 VUs, 2130 complete and 0 interrupted iterations
auth_register_probe   [  81% ] 249/250 VUs  1m53.0s/2m20.0s

running (1m54.0s), 247/250 VUs, 2148 complete and 0 interrupted iterations
auth_register_probe   [  81% ] 247/250 VUs  1m54.0s/2m20.0s

running (1m55.0s), 243/250 VUs, 2174 complete and 0 interrupted iterations
auth_register_probe   [  82% ] 243/250 VUs  1m55.0s/2m20.0s

running (1m56.0s), 242/250 VUs, 2192 complete and 0 interrupted iterations
auth_register_probe   [  83% ] 242/250 VUs  1m56.0s/2m20.0s

running (1m57.0s), 239/250 VUs, 2215 complete and 0 interrupted iterations
auth_register_probe   [  84% ] 239/250 VUs  1m57.0s/2m20.0s

running (1m58.0s), 234/250 VUs, 2231 complete and 0 interrupted iterations
auth_register_probe   [  84% ] 234/250 VUs  1m58.0s/2m20.0s

running (1m59.0s), 228/250 VUs, 2254 complete and 0 interrupted iterations
auth_register_probe   [  85% ] 228/250 VUs  1m59.0s/2m20.0s

running (2m00.0s), 224/250 VUs, 2274 complete and 0 interrupted iterations
auth_register_probe   [  86% ] 224/250 VUs  2m00.0s/2m20.0s

running (2m01.0s), 218/250 VUs, 2289 complete and 0 interrupted iterations
auth_register_probe   [  86% ] 218/250 VUs  2m01.0s/2m20.0s

running (2m02.0s), 209/250 VUs, 2314 complete and 0 interrupted iterations
auth_register_probe   [  87% ] 209/250 VUs  2m02.0s/2m20.0s

running (2m03.0s), 201/250 VUs, 2334 complete and 0 interrupted iterations
auth_register_probe   [  88% ] 201/250 VUs  2m03.0s/2m20.0s

running (2m04.0s), 190/250 VUs, 2352 complete and 0 interrupted iterations
auth_register_probe   [  89% ] 190/250 VUs  2m04.0s/2m20.0s

running (2m05.0s), 179/250 VUs, 2383 complete and 0 interrupted iterations
auth_register_probe   [  89% ] 179/250 VUs  2m05.0s/2m20.0s

running (2m06.0s), 173/250 VUs, 2399 complete and 0 interrupted iterations
auth_register_probe   [  90% ] 173/250 VUs  2m06.0s/2m20.0s

running (2m07.0s), 164/250 VUs, 2419 complete and 0 interrupted iterations
auth_register_probe   [  91% ] 164/250 VUs  2m07.0s/2m20.0s

running (2m08.0s), 152/250 VUs, 2444 complete and 0 interrupted iterations
auth_register_probe   [  91% ] 152/250 VUs  2m08.0s/2m20.0s

running (2m09.0s), 145/250 VUs, 2463 complete and 0 interrupted iterations
auth_register_probe   [  92% ] 145/250 VUs  2m09.0s/2m20.0s

running (2m10.0s), 138/250 VUs, 2478 complete and 0 interrupted iterations
auth_register_probe   [  93% ] 138/250 VUs  2m10.0s/2m20.0s

running (2m11.0s), 123/250 VUs, 2501 complete and 0 interrupted iterations
auth_register_probe   [  94% ] 123/250 VUs  2m11.0s/2m20.0s

running (2m12.0s), 113/250 VUs, 2519 complete and 0 interrupted iterations
auth_register_probe   [  94% ] 113/250 VUs  2m12.0s/2m20.0s

running (2m13.0s), 100/250 VUs, 2541 complete and 0 interrupted iterations
auth_register_probe   [  95% ] 100/250 VUs  2m13.0s/2m20.0s

running (2m14.0s), 087/250 VUs, 2562 complete and 0 interrupted iterations
auth_register_probe   [  96% ] 087/250 VUs  2m14.0s/2m20.0s

running (2m15.0s), 075/250 VUs, 2581 complete and 0 interrupted iterations
auth_register_probe   [  96% ] 075/250 VUs  2m15.0s/2m20.0s

running (2m16.0s), 056/250 VUs, 2611 complete and 0 interrupted iterations
auth_register_probe   [  97% ] 056/250 VUs  2m16.0s/2m20.0s

running (2m17.0s), 044/250 VUs, 2634 complete and 0 interrupted iterations
auth_register_probe   [  98% ] 044/250 VUs  2m17.0s/2m20.0s

running (2m18.0s), 030/250 VUs, 2662 complete and 0 interrupted iterations
auth_register_probe   [  99% ] 030/250 VUs  2m18.0s/2m20.0s

running (2m19.0s), 014/250 VUs, 2688 complete and 0 interrupted iterations
auth_register_probe   [  99% ] 014/250 VUs  2m19.0s/2m20.0s

running (2m20.0s), 005/250 VUs, 2702 complete and 0 interrupted iterations
auth_register_probe   [ 100% ] 005/250 VUs  2m20.0s/2m20.0s

Auth Member Register 250 VU
Result: FAIL
Checks: 34.17% (2775/8121)
HTTP failure rate: -
HTTP p95: 15.40s
Requests: 2,707
Iterations: 2,707

running (2m20.8s), 000/250 VUs, 2707 complete and 0 interrupted iterations
auth_register_probe ✓ [ 100% ] 000/250 VUs  2m20s
time="2026-05-22T14:31:29+09:00" level=error msg="thresholds on metrics 'auth_comm_failures, auth_register_duration_ms, http_req_duration, http_req_failed' have been crossed"
K6_EXIT_STATUS=99
REPORT_PREFIX=scripts/k6/reports/auth-member-250-register-20260522-142907
