
         /\      Grafana   /‾‾/  
    /\  /  \     |\  __   /  /   
   /  \/    \    | |/ /  /   ‾‾\ 
  /          \   |   (  |  (‾)  |
 / __________ \  |_|\_\  \_____/ 


     execution: local
        script: scripts/k6/auth-member-scenario.js
        output: -

     scenarios: (100.00%) 1 scenario, 250 max VUs, 2m50s max duration (incl. graceful stop):
              * auth_register_probe: Up to 250 looping VUs for 2m20s over 4 stages (gracefulRampDown: 30s, exec: registerOnlyProbe, gracefulStop: 30s)


running (0m01.0s), 003/250 VUs, 0 complete and 0 interrupted iterations
auth_register_probe   [   1% ] 003/250 VUs  0m01.0s/2m20.0s

running (0m02.0s), 005/250 VUs, 3 complete and 0 interrupted iterations
auth_register_probe   [   1% ] 005/250 VUs  0m02.0s/2m20.0s

running (0m03.0s), 008/250 VUs, 8 complete and 0 interrupted iterations
auth_register_probe   [   2% ] 008/250 VUs  0m03.0s/2m20.0s

running (0m04.0s), 010/250 VUs, 15 complete and 0 interrupted iterations
auth_register_probe   [   3% ] 010/250 VUs  0m04.0s/2m20.0s

running (0m05.0s), 013/250 VUs, 24 complete and 0 interrupted iterations
auth_register_probe   [   4% ] 013/250 VUs  0m05.0s/2m20.0s

running (0m06.0s), 015/250 VUs, 37 complete and 0 interrupted iterations
auth_register_probe   [   4% ] 015/250 VUs  0m06.0s/2m20.0s

running (0m07.0s), 018/250 VUs, 51 complete and 0 interrupted iterations
auth_register_probe   [   5% ] 018/250 VUs  0m07.0s/2m20.0s

running (0m08.0s), 020/250 VUs, 67 complete and 0 interrupted iterations
auth_register_probe   [   6% ] 020/250 VUs  0m08.0s/2m20.0s

running (0m09.0s), 022/250 VUs, 86 complete and 0 interrupted iterations
auth_register_probe   [   6% ] 022/250 VUs  0m09.0s/2m20.0s

running (0m10.0s), 025/250 VUs, 107 complete and 0 interrupted iterations
auth_register_probe   [   7% ] 025/250 VUs  0m10.0s/2m20.0s

running (0m11.0s), 027/250 VUs, 131 complete and 0 interrupted iterations
auth_register_probe   [   8% ] 027/250 VUs  0m11.0s/2m20.0s

running (0m12.0s), 030/250 VUs, 156 complete and 0 interrupted iterations
auth_register_probe   [   9% ] 030/250 VUs  0m12.0s/2m20.0s

running (0m13.0s), 032/250 VUs, 184 complete and 0 interrupted iterations
auth_register_probe   [   9% ] 032/250 VUs  0m13.0s/2m20.0s

running (0m14.0s), 035/250 VUs, 201 complete and 0 interrupted iterations
auth_register_probe   [  10% ] 035/250 VUs  0m14.0s/2m20.0s

running (0m15.0s), 037/250 VUs, 221 complete and 0 interrupted iterations
auth_register_probe   [  11% ] 037/250 VUs  0m15.0s/2m20.0s

running (0m16.0s), 040/250 VUs, 244 complete and 0 interrupted iterations
auth_register_probe   [  11% ] 040/250 VUs  0m16.0s/2m20.0s

running (0m17.0s), 042/250 VUs, 260 complete and 0 interrupted iterations
auth_register_probe   [  12% ] 042/250 VUs  0m17.0s/2m20.0s

running (0m18.0s), 045/250 VUs, 277 complete and 0 interrupted iterations
auth_register_probe   [  13% ] 045/250 VUs  0m18.0s/2m20.0s

running (0m19.0s), 047/250 VUs, 292 complete and 0 interrupted iterations
auth_register_probe   [  14% ] 047/250 VUs  0m19.0s/2m20.0s

running (0m20.0s), 049/250 VUs, 320 complete and 0 interrupted iterations
auth_register_probe   [  14% ] 049/250 VUs  0m20.0s/2m20.0s

running (0m21.0s), 051/250 VUs, 333 complete and 0 interrupted iterations
auth_register_probe   [  15% ] 051/250 VUs  0m21.0s/2m20.0s

running (0m22.0s), 053/250 VUs, 349 complete and 0 interrupted iterations
auth_register_probe   [  16% ] 053/250 VUs  0m22.0s/2m20.0s

running (0m23.0s), 054/250 VUs, 376 complete and 0 interrupted iterations
auth_register_probe   [  16% ] 054/250 VUs  0m23.0s/2m20.0s

running (0m24.0s), 056/250 VUs, 398 complete and 0 interrupted iterations
auth_register_probe   [  17% ] 056/250 VUs  0m24.0s/2m20.0s

running (0m25.0s), 058/250 VUs, 412 complete and 0 interrupted iterations
auth_register_probe   [  18% ] 058/250 VUs  0m25.0s/2m20.0s

running (0m26.0s), 059/250 VUs, 429 complete and 0 interrupted iterations
auth_register_probe   [  19% ] 059/250 VUs  0m26.0s/2m20.0s

running (0m27.0s), 061/250 VUs, 447 complete and 0 interrupted iterations
auth_register_probe   [  19% ] 061/250 VUs  0m27.0s/2m20.0s

running (0m28.0s), 063/250 VUs, 470 complete and 0 interrupted iterations
auth_register_probe   [  20% ] 063/250 VUs  0m28.0s/2m20.0s

running (0m29.0s), 064/250 VUs, 492 complete and 0 interrupted iterations
auth_register_probe   [  21% ] 064/250 VUs  0m29.0s/2m20.0s

running (0m30.0s), 066/250 VUs, 504 complete and 0 interrupted iterations
auth_register_probe   [  21% ] 066/250 VUs  0m30.0s/2m20.0s

running (0m31.0s), 068/250 VUs, 525 complete and 0 interrupted iterations
auth_register_probe   [  22% ] 068/250 VUs  0m31.0s/2m20.0s

running (0m32.0s), 069/250 VUs, 547 complete and 0 interrupted iterations
auth_register_probe   [  23% ] 069/250 VUs  0m32.0s/2m20.0s

running (0m33.0s), 071/250 VUs, 568 complete and 0 interrupted iterations
auth_register_probe   [  24% ] 071/250 VUs  0m33.0s/2m20.0s

running (0m34.0s), 073/250 VUs, 584 complete and 0 interrupted iterations
auth_register_probe   [  24% ] 073/250 VUs  0m34.0s/2m20.0s

running (0m35.0s), 074/250 VUs, 601 complete and 0 interrupted iterations
auth_register_probe   [  25% ] 074/250 VUs  0m35.0s/2m20.0s

running (0m36.0s), 076/250 VUs, 621 complete and 0 interrupted iterations
auth_register_probe   [  26% ] 076/250 VUs  0m36.0s/2m20.0s

running (0m37.0s), 078/250 VUs, 645 complete and 0 interrupted iterations
auth_register_probe   [  26% ] 078/250 VUs  0m37.0s/2m20.0s

running (0m38.0s), 079/250 VUs, 662 complete and 0 interrupted iterations
auth_register_probe   [  27% ] 079/250 VUs  0m38.0s/2m20.0s

running (0m39.0s), 081/250 VUs, 682 complete and 0 interrupted iterations
auth_register_probe   [  28% ] 081/250 VUs  0m39.0s/2m20.0s

running (0m40.0s), 083/250 VUs, 702 complete and 0 interrupted iterations
auth_register_probe   [  29% ] 083/250 VUs  0m40.0s/2m20.0s

running (0m41.0s), 084/250 VUs, 721 complete and 0 interrupted iterations
auth_register_probe   [  29% ] 084/250 VUs  0m41.0s/2m20.0s

running (0m42.0s), 086/250 VUs, 739 complete and 0 interrupted iterations
auth_register_probe   [  30% ] 086/250 VUs  0m42.0s/2m20.0s

running (0m43.0s), 088/250 VUs, 759 complete and 0 interrupted iterations
auth_register_probe   [  31% ] 088/250 VUs  0m43.0s/2m20.0s

running (0m44.0s), 089/250 VUs, 772 complete and 0 interrupted iterations
auth_register_probe   [  31% ] 089/250 VUs  0m44.0s/2m20.0s

running (0m45.0s), 091/250 VUs, 797 complete and 0 interrupted iterations
auth_register_probe   [  32% ] 091/250 VUs  0m45.0s/2m20.0s

running (0m46.0s), 093/250 VUs, 816 complete and 0 interrupted iterations
auth_register_probe   [  33% ] 093/250 VUs  0m46.0s/2m20.0s

running (0m47.0s), 094/250 VUs, 845 complete and 0 interrupted iterations
auth_register_probe   [  34% ] 094/250 VUs  0m47.0s/2m20.0s

running (0m48.0s), 096/250 VUs, 863 complete and 0 interrupted iterations
auth_register_probe   [  34% ] 096/250 VUs  0m48.0s/2m20.0s

running (0m49.0s), 098/250 VUs, 889 complete and 0 interrupted iterations
auth_register_probe   [  35% ] 098/250 VUs  0m49.0s/2m20.0s

running (0m50.0s), 099/250 VUs, 907 complete and 0 interrupted iterations
auth_register_probe   [  36% ] 099/250 VUs  0m50.0s/2m20.0s

running (0m51.0s), 101/250 VUs, 925 complete and 0 interrupted iterations
auth_register_probe   [  36% ] 101/250 VUs  0m51.0s/2m20.0s

running (0m52.0s), 103/250 VUs, 947 complete and 0 interrupted iterations
auth_register_probe   [  37% ] 103/250 VUs  0m52.0s/2m20.0s

running (0m53.0s), 104/250 VUs, 965 complete and 0 interrupted iterations
auth_register_probe   [  38% ] 104/250 VUs  0m53.0s/2m20.0s

running (0m54.0s), 106/250 VUs, 988 complete and 0 interrupted iterations
auth_register_probe   [  39% ] 106/250 VUs  0m54.0s/2m20.0s

running (0m55.0s), 108/250 VUs, 1006 complete and 0 interrupted iterations
auth_register_probe   [  39% ] 108/250 VUs  0m55.0s/2m20.0s

running (0m56.0s), 109/250 VUs, 1030 complete and 0 interrupted iterations
auth_register_probe   [  40% ] 109/250 VUs  0m56.0s/2m20.0s

running (0m57.0s), 111/250 VUs, 1046 complete and 0 interrupted iterations
auth_register_probe   [  41% ] 111/250 VUs  0m57.0s/2m20.0s

running (0m58.0s), 113/250 VUs, 1062 complete and 0 interrupted iterations
auth_register_probe   [  41% ] 113/250 VUs  0m58.0s/2m20.0s

running (0m59.0s), 114/250 VUs, 1082 complete and 0 interrupted iterations
auth_register_probe   [  42% ] 114/250 VUs  0m59.0s/2m20.0s

running (1m00.0s), 116/250 VUs, 1106 complete and 0 interrupted iterations
auth_register_probe   [  43% ] 116/250 VUs  1m00.0s/2m20.0s

running (1m01.0s), 118/250 VUs, 1119 complete and 0 interrupted iterations
auth_register_probe   [  44% ] 118/250 VUs  1m01.0s/2m20.0s

running (1m02.0s), 119/250 VUs, 1146 complete and 0 interrupted iterations
auth_register_probe   [  44% ] 119/250 VUs  1m02.0s/2m20.0s

running (1m03.0s), 121/250 VUs, 1162 complete and 0 interrupted iterations
auth_register_probe   [  45% ] 121/250 VUs  1m03.0s/2m20.0s

running (1m04.0s), 123/250 VUs, 1187 complete and 0 interrupted iterations
auth_register_probe   [  46% ] 123/250 VUs  1m04.0s/2m20.0s

running (1m05.0s), 124/250 VUs, 1205 complete and 0 interrupted iterations
auth_register_probe   [  46% ] 124/250 VUs  1m05.0s/2m20.0s

running (1m06.0s), 126/250 VUs, 1226 complete and 0 interrupted iterations
auth_register_probe   [  47% ] 126/250 VUs  1m06.0s/2m20.0s

running (1m07.0s), 128/250 VUs, 1250 complete and 0 interrupted iterations
auth_register_probe   [  48% ] 128/250 VUs  1m07.0s/2m20.0s

running (1m08.0s), 129/250 VUs, 1267 complete and 0 interrupted iterations
auth_register_probe   [  49% ] 129/250 VUs  1m08.0s/2m20.0s

running (1m09.0s), 131/250 VUs, 1292 complete and 0 interrupted iterations
auth_register_probe   [  49% ] 131/250 VUs  1m09.0s/2m20.0s

running (1m10.0s), 133/250 VUs, 1311 complete and 0 interrupted iterations
auth_register_probe   [  50% ] 133/250 VUs  1m10.0s/2m20.0s

running (1m11.0s), 134/250 VUs, 1335 complete and 0 interrupted iterations
auth_register_probe   [  51% ] 134/250 VUs  1m11.0s/2m20.0s

running (1m12.0s), 136/250 VUs, 1351 complete and 0 interrupted iterations
auth_register_probe   [  51% ] 136/250 VUs  1m12.0s/2m20.0s

running (1m13.0s), 138/250 VUs, 1374 complete and 0 interrupted iterations
auth_register_probe   [  52% ] 138/250 VUs  1m13.0s/2m20.0s

running (1m14.0s), 139/250 VUs, 1391 complete and 0 interrupted iterations
auth_register_probe   [  53% ] 139/250 VUs  1m14.0s/2m20.0s

running (1m15.0s), 141/250 VUs, 1416 complete and 0 interrupted iterations
auth_register_probe   [  54% ] 141/250 VUs  1m15.0s/2m20.0s

running (1m16.0s), 143/250 VUs, 1436 complete and 0 interrupted iterations
auth_register_probe   [  54% ] 143/250 VUs  1m16.0s/2m20.0s

running (1m17.0s), 144/250 VUs, 1448 complete and 0 interrupted iterations
auth_register_probe   [  55% ] 144/250 VUs  1m17.0s/2m20.0s

running (1m18.0s), 146/250 VUs, 1476 complete and 0 interrupted iterations
auth_register_probe   [  56% ] 146/250 VUs  1m18.0s/2m20.0s

running (1m19.0s), 148/250 VUs, 1498 complete and 0 interrupted iterations
auth_register_probe   [  56% ] 148/250 VUs  1m19.0s/2m20.0s

running (1m20.0s), 149/250 VUs, 1517 complete and 0 interrupted iterations
auth_register_probe   [  57% ] 149/250 VUs  1m20.0s/2m20.0s

running (1m21.0s), 153/250 VUs, 1541 complete and 0 interrupted iterations
auth_register_probe   [  58% ] 153/250 VUs  1m21.0s/2m20.0s

running (1m22.0s), 156/250 VUs, 1562 complete and 0 interrupted iterations
auth_register_probe   [  59% ] 156/250 VUs  1m22.0s/2m20.0s

running (1m23.0s), 159/250 VUs, 1575 complete and 0 interrupted iterations
auth_register_probe   [  59% ] 159/250 VUs  1m23.0s/2m20.0s

running (1m24.0s), 163/250 VUs, 1602 complete and 0 interrupted iterations
auth_register_probe   [  60% ] 163/250 VUs  1m24.0s/2m20.0s

running (1m25.0s), 166/250 VUs, 1623 complete and 0 interrupted iterations
auth_register_probe   [  61% ] 166/250 VUs  1m25.0s/2m20.0s

running (1m26.0s), 169/250 VUs, 1643 complete and 0 interrupted iterations
auth_register_probe   [  61% ] 169/250 VUs  1m26.0s/2m20.0s

running (1m27.0s), 173/250 VUs, 1665 complete and 0 interrupted iterations
auth_register_probe   [  62% ] 173/250 VUs  1m27.0s/2m20.0s

running (1m28.0s), 176/250 VUs, 1689 complete and 0 interrupted iterations
auth_register_probe   [  63% ] 176/250 VUs  1m28.0s/2m20.0s

running (1m29.0s), 179/250 VUs, 1705 complete and 0 interrupted iterations
auth_register_probe   [  64% ] 179/250 VUs  1m29.0s/2m20.0s

running (1m30.0s), 183/250 VUs, 1731 complete and 0 interrupted iterations
auth_register_probe   [  64% ] 183/250 VUs  1m30.0s/2m20.0s

running (1m31.0s), 186/250 VUs, 1742 complete and 0 interrupted iterations
auth_register_probe   [  65% ] 186/250 VUs  1m31.0s/2m20.0s

running (1m32.0s), 189/250 VUs, 1769 complete and 0 interrupted iterations
auth_register_probe   [  66% ] 189/250 VUs  1m32.0s/2m20.0s

running (1m33.0s), 193/250 VUs, 1794 complete and 0 interrupted iterations
auth_register_probe   [  66% ] 193/250 VUs  1m33.0s/2m20.0s

running (1m34.0s), 196/250 VUs, 1813 complete and 0 interrupted iterations
auth_register_probe   [  67% ] 196/250 VUs  1m34.0s/2m20.0s

running (1m35.0s), 199/250 VUs, 1839 complete and 0 interrupted iterations
auth_register_probe   [  68% ] 199/250 VUs  1m35.0s/2m20.0s

running (1m36.0s), 203/250 VUs, 1860 complete and 0 interrupted iterations
auth_register_probe   [  69% ] 203/250 VUs  1m36.0s/2m20.0s

running (1m37.0s), 206/250 VUs, 1879 complete and 0 interrupted iterations
auth_register_probe   [  69% ] 206/250 VUs  1m37.0s/2m20.0s

running (1m38.0s), 209/250 VUs, 1899 complete and 0 interrupted iterations
auth_register_probe   [  70% ] 209/250 VUs  1m38.0s/2m20.0s

running (1m39.0s), 213/250 VUs, 1924 complete and 0 interrupted iterations
auth_register_probe   [  71% ] 213/250 VUs  1m39.0s/2m20.0s

running (1m40.0s), 216/250 VUs, 1942 complete and 0 interrupted iterations
auth_register_probe   [  71% ] 216/250 VUs  1m40.0s/2m20.0s

running (1m41.0s), 219/250 VUs, 1962 complete and 0 interrupted iterations
auth_register_probe   [  72% ] 219/250 VUs  1m41.0s/2m20.0s

running (1m42.0s), 223/250 VUs, 1988 complete and 0 interrupted iterations
auth_register_probe   [  73% ] 223/250 VUs  1m42.0s/2m20.0s

running (1m43.0s), 226/250 VUs, 2006 complete and 0 interrupted iterations
auth_register_probe   [  74% ] 226/250 VUs  1m43.0s/2m20.0s

running (1m44.0s), 229/250 VUs, 2015 complete and 0 interrupted iterations
auth_register_probe   [  74% ] 229/250 VUs  1m44.0s/2m20.0s

running (1m45.0s), 233/250 VUs, 2047 complete and 0 interrupted iterations
auth_register_probe   [  75% ] 233/250 VUs  1m45.0s/2m20.0s

running (1m46.0s), 236/250 VUs, 2072 complete and 0 interrupted iterations
auth_register_probe   [  76% ] 236/250 VUs  1m46.0s/2m20.0s

running (1m47.0s), 239/250 VUs, 2087 complete and 0 interrupted iterations
auth_register_probe   [  76% ] 239/250 VUs  1m47.0s/2m20.0s

running (1m48.0s), 243/250 VUs, 2113 complete and 0 interrupted iterations
auth_register_probe   [  77% ] 243/250 VUs  1m48.0s/2m20.0s

running (1m49.0s), 246/250 VUs, 2132 complete and 0 interrupted iterations
auth_register_probe   [  78% ] 246/250 VUs  1m49.0s/2m20.0s

running (1m50.0s), 249/250 VUs, 2157 complete and 0 interrupted iterations
auth_register_probe   [  79% ] 249/250 VUs  1m50.0s/2m20.0s

running (1m51.0s), 250/250 VUs, 2177 complete and 0 interrupted iterations
auth_register_probe   [  79% ] 250/250 VUs  1m51.0s/2m20.0s

running (1m52.0s), 250/250 VUs, 2197 complete and 0 interrupted iterations
auth_register_probe   [  80% ] 250/250 VUs  1m52.0s/2m20.0s

running (1m53.0s), 249/250 VUs, 2213 complete and 0 interrupted iterations
auth_register_probe   [  81% ] 249/250 VUs  1m53.0s/2m20.0s

running (1m54.0s), 248/250 VUs, 2240 complete and 0 interrupted iterations
auth_register_probe   [  81% ] 248/250 VUs  1m54.0s/2m20.0s

running (1m55.0s), 244/250 VUs, 2262 complete and 0 interrupted iterations
auth_register_probe   [  82% ] 244/250 VUs  1m55.0s/2m20.0s

running (1m56.0s), 240/250 VUs, 2279 complete and 0 interrupted iterations
auth_register_probe   [  83% ] 240/250 VUs  1m56.0s/2m20.0s

running (1m57.0s), 238/250 VUs, 2301 complete and 0 interrupted iterations
auth_register_probe   [  84% ] 238/250 VUs  1m57.0s/2m20.0s

running (1m58.0s), 234/250 VUs, 2320 complete and 0 interrupted iterations
auth_register_probe   [  84% ] 234/250 VUs  1m58.0s/2m20.0s

running (1m59.0s), 233/250 VUs, 2336 complete and 0 interrupted iterations
auth_register_probe   [  85% ] 233/250 VUs  1m59.0s/2m20.0s

running (2m00.0s), 224/250 VUs, 2359 complete and 0 interrupted iterations
auth_register_probe   [  86% ] 224/250 VUs  2m00.0s/2m20.0s

running (2m01.0s), 217/250 VUs, 2380 complete and 0 interrupted iterations
auth_register_probe   [  86% ] 217/250 VUs  2m01.0s/2m20.0s

running (2m02.0s), 211/250 VUs, 2402 complete and 0 interrupted iterations
auth_register_probe   [  87% ] 211/250 VUs  2m02.0s/2m20.0s

running (2m03.0s), 204/250 VUs, 2418 complete and 0 interrupted iterations
auth_register_probe   [  88% ] 204/250 VUs  2m03.0s/2m20.0s

running (2m04.0s), 197/250 VUs, 2437 complete and 0 interrupted iterations
auth_register_probe   [  89% ] 197/250 VUs  2m04.0s/2m20.0s

running (2m05.0s), 186/250 VUs, 2463 complete and 0 interrupted iterations
auth_register_probe   [  89% ] 186/250 VUs  2m05.0s/2m20.0s

running (2m06.0s), 176/250 VUs, 2482 complete and 0 interrupted iterations
auth_register_probe   [  90% ] 176/250 VUs  2m06.0s/2m20.0s

running (2m07.0s), 165/250 VUs, 2509 complete and 0 interrupted iterations
auth_register_probe   [  91% ] 165/250 VUs  2m07.0s/2m20.0s

running (2m08.0s), 159/250 VUs, 2523 complete and 0 interrupted iterations
auth_register_probe   [  91% ] 159/250 VUs  2m08.0s/2m20.0s

running (2m09.0s), 148/250 VUs, 2547 complete and 0 interrupted iterations
auth_register_probe   [  92% ] 148/250 VUs  2m09.0s/2m20.0s

running (2m10.0s), 134/250 VUs, 2571 complete and 0 interrupted iterations
auth_register_probe   [  93% ] 134/250 VUs  2m10.0s/2m20.0s

running (2m11.0s), 125/250 VUs, 2591 complete and 0 interrupted iterations
auth_register_probe   [  94% ] 125/250 VUs  2m11.0s/2m20.0s

running (2m12.0s), 106/250 VUs, 2619 complete and 0 interrupted iterations
auth_register_probe   [  94% ] 106/250 VUs  2m12.0s/2m20.0s

running (2m13.0s), 100/250 VUs, 2637 complete and 0 interrupted iterations
auth_register_probe   [  95% ] 100/250 VUs  2m13.0s/2m20.0s

running (2m14.0s), 090/250 VUs, 2654 complete and 0 interrupted iterations
auth_register_probe   [  96% ] 090/250 VUs  2m14.0s/2m20.0s

running (2m15.0s), 073/250 VUs, 2682 complete and 0 interrupted iterations
auth_register_probe   [  96% ] 073/250 VUs  2m15.0s/2m20.0s

running (2m16.0s), 061/250 VUs, 2699 complete and 0 interrupted iterations
auth_register_probe   [  97% ] 061/250 VUs  2m16.0s/2m20.0s

running (2m17.0s), 049/250 VUs, 2715 complete and 0 interrupted iterations
auth_register_probe   [  98% ] 049/250 VUs  2m17.0s/2m20.0s

running (2m18.0s), 021/250 VUs, 2764 complete and 0 interrupted iterations
auth_register_probe   [  99% ] 021/250 VUs  2m18.0s/2m20.0s

running (2m19.0s), 015/250 VUs, 2781 complete and 0 interrupted iterations
auth_register_probe   [  99% ] 015/250 VUs  2m19.0s/2m20.0s

running (2m20.0s), 002/250 VUs, 2796 complete and 0 interrupted iterations
auth_register_probe   [ 100% ] 002/250 VUs  2m20.0s/2m20.0s

Auth Member Register 250 VU
Result: FAIL
Checks: 37.03% (3108/8394)
HTTP failure rate: -
HTTP p95: 15.02s
Requests: 2,798
Iterations: 2,798

running (2m20.8s), 000/250 VUs, 2798 complete and 0 interrupted iterations
auth_register_probe ✓ [ 100% ] 000/250 VUs  2m20s
time="2026-05-22T16:28:46+09:00" level=error msg="thresholds on metrics 'auth_comm_failures, auth_register_duration_ms, http_req_duration, http_req_failed' have been crossed"
